INFO 2026-02-10 02:57:24,952 autoreload 31532 Watching for file changes with StatReloader
INFO 2026-02-10 03:00:38,109 autoreload 17592 Watching for file changes with StatReloader
INFO 2026-02-10 03:02:21,887 autoreload 31100 Watching for file changes with StatReloader
INFO 2026-02-10 03:03:38,632 autoreload 32772 Watching for file changes with StatReloader
INFO 2026-02-11 06:41:17,680 autoreload 29936 Watching for file changes with StatReloader
INFO 2026-02-11 06:42:28,196 autoreload 32264 Watching for file changes with StatReloader
INFO 2026-02-11 06:42:31,106 autoreload 6304 Watching for file changes with StatReloader
INFO 2026-02-11 06:42:35,045 autoreload 19348 Watching for file changes with StatReloader
INFO 2026-02-11 06:42:43,541 autoreload 19740 Watching for file changes with StatReloader
INFO 2026-02-11 06:42:46,500 autoreload 2232 Watching for file changes with StatReloader
INFO 2026-02-11 06:42:54,769 autoreload 15508 Watching for file changes with StatReloader
WARNING 2026-02-11 06:43:30,408 log 2232 Not Found: /
WARNING 2026-02-11 06:43:30,643 log 2232 Not Found: /favicon.ico
WARNING 2026-02-11 06:43:33,466 log 2232 Not Found: /
WARNING 2026-02-11 06:43:35,689 log 2232 Not Found: /
INFO 2026-02-11 06:44:06,686 autoreload 8744 Watching for file changes with StatReloader
INFO 2026-02-11 06:44:06,686 autoreload 31944 Watching for file changes with StatReloader
WARNING 2026-02-11 06:44:39,864 log 8744 Not Found: /static/admin/css/base.css
WARNING 2026-02-11 06:44:39,867 log 8744 Not Found: /static/admin/css/dark_mode.css
WARNING 2026-02-11 06:44:39,870 log 8744 Not Found: /static/admin/css/nav_sidebar.css
WARNING 2026-02-11 06:44:39,870 log 8744 Not Found: /static/admin/css/responsive.css
WARNING 2026-02-11 06:44:39,870 log 8744 Not Found: /static/admin/css/login.css
WARNING 2026-02-11 06:44:39,875 log 8744 Not Found: /static/admin/js/theme.js
WARNING 2026-02-11 06:44:39,877 log 8744 Not Found: /static/admin/js/nav_sidebar.js
INFO 2026-02-11 07:39:05,597 autoreload 12624 Watching for file changes with StatReloader
INFO 2026-02-11 07:39:05,597 autoreload 2748 Watching for file changes with StatReloader
INFO 2026-02-11 07:39:18,096 autoreload 25552 Watching for file changes with StatReloader
INFO 2026-02-11 07:39:18,096 autoreload 36748 Watching for file changes with StatReloader
INFO 2026-02-11 07:39:21,682 autoreload 7948 Watching for file changes with StatReloader
INFO 2026-02-11 07:39:21,685 autoreload 36556 Watching for file changes with StatReloader
INFO 2026-02-11 07:39:24,345 autoreload 35884 Watching for file changes with StatReloader
INFO 2026-02-11 07:39:24,346 autoreload 36128 Watching for file changes with StatReloader
INFO 2026-02-11 07:39:44,613 autoreload 34576 Watching for file changes with StatReloader
INFO 2026-02-11 07:39:44,633 autoreload 36860 Watching for file changes with StatReloader
INFO 2026-02-11 07:39:56,736 autoreload 5008 Watching for file changes with StatReloader
INFO 2026-02-11 07:39:56,736 autoreload 30752 Watching for file changes with StatReloader
INFO 2026-02-11 07:40:20,736 autoreload 30852 Watching for file changes with StatReloader
INFO 2026-02-11 07:40:20,774 autoreload 31504 Watching for file changes with StatReloader
INFO 2026-02-11 07:40:28,648 autoreload 10932 Watching for file changes with StatReloader
INFO 2026-02-11 07:40:28,651 autoreload 35256 Watching for file changes with StatReloader
WARNING 2026-02-11 07:53:31,685 log 10932 Not Found: /static/admin/css/base.css
WARNING 2026-02-11 07:53:31,685 log 10932 Not Found: /static/admin/css/dark_mode.css
WARNING 2026-02-11 07:53:31,686 log 10932 Not Found: /static/admin/css/login.css
WARNING 2026-02-11 07:53:31,686 log 10932 Not Found: /static/admin/css/nav_sidebar.css
WARNING 2026-02-11 07:53:31,689 log 10932 Not Found: /static/admin/css/responsive.css
WARNING 2026-02-11 07:53:31,698 log 10932 Not Found: /static/admin/js/nav_sidebar.js
WARNING 2026-02-11 07:53:31,700 log 10932 Not Found: /static/admin/js/theme.js
INFO 2026-02-11 07:57:13,325 autoreload 29356 Watching for file changes with StatReloader
INFO 2026-02-11 07:57:13,686 autoreload 35856 Watching for file changes with StatReloader
INFO 2026-02-11 07:57:26,659 autoreload 35984 Watching for file changes with StatReloader
INFO 2026-02-11 07:57:27,349 autoreload 10764 Watching for file changes with StatReloader
INFO 2026-02-11 07:57:29,001 autoreload 21208 Watching for file changes with StatReloader
WARNING 2026-02-11 07:57:52,643 log 10764 Not Found: /static/admin/css/base.css
WARNING 2026-02-11 07:57:52,644 log 10764 Not Found: /static/admin/css/nav_sidebar.css
WARNING 2026-02-11 07:57:52,645 log 10764 Not Found: /static/admin/css/dark_mode.css
WARNING 2026-02-11 07:57:52,647 log 10764 Not Found: /static/admin/css/login.css
WARNING 2026-02-11 07:57:52,650 log 10764 Not Found: /static/admin/js/nav_sidebar.js
WARNING 2026-02-11 07:57:52,650 log 10764 Not Found: /static/admin/css/responsive.css
WARNING 2026-02-11 07:57:52,652 log 10764 Not Found: /static/admin/js/theme.js
WARNING 2026-02-11 07:57:52,678 log 10764 Not Found: /favicon.ico
WARNING 2026-02-11 07:58:01,001 log 10764 Not Found: /static/admin/css/base.css
WARNING 2026-02-11 07:58:01,002 log 10764 Not Found: /static/admin/css/dark_mode.css
WARNING 2026-02-11 07:58:01,003 log 10764 Not Found: /static/admin/css/nav_sidebar.css
WARNING 2026-02-11 07:58:01,004 log 10764 Not Found: /static/admin/css/login.css
WARNING 2026-02-11 07:58:01,004 log 10764 Not Found: /static/admin/css/responsive.css
WARNING 2026-02-11 07:58:01,005 log 10764 Not Found: /static/admin/js/theme.js
WARNING 2026-02-11 07:58:01,011 log 10764 Not Found: /static/admin/js/nav_sidebar.js
WARNING 2026-02-11 07:58:01,693 log 10764 Not Found: /static/admin/css/base.css
WARNING 2026-02-11 07:58:01,694 log 10764 Not Found: /static/admin/css/dark_mode.css
WARNING 2026-02-11 07:58:01,695 log 10764 Not Found: /static/admin/css/nav_sidebar.css
WARNING 2026-02-11 07:58:01,696 log 10764 Not Found: /static/admin/css/responsive.css
WARNING 2026-02-11 07:58:01,697 log 10764 Not Found: /static/admin/js/theme.js
WARNING 2026-02-11 07:58:01,698 log 10764 Not Found: /static/admin/css/login.css
WARNING 2026-02-11 07:58:01,700 log 10764 Not Found: /static/admin/js/nav_sidebar.js
WARNING 2026-02-11 07:58:02,009 log 10764 Not Found: /static/admin/css/base.css
WARNING 2026-02-11 07:58:02,010 log 10764 Not Found: /static/admin/css/login.css
WARNING 2026-02-11 07:58:02,011 log 10764 Not Found: /static/admin/css/nav_sidebar.css
WARNING 2026-02-11 07:58:02,011 log 10764 Not Found: /static/admin/css/dark_mode.css
WARNING 2026-02-11 07:58:02,012 log 10764 Not Found: /static/admin/js/theme.js
WARNING 2026-02-11 07:58:02,014 log 10764 Not Found: /static/admin/css/responsive.css
WARNING 2026-02-11 07:58:02,019 log 10764 Not Found: /static/admin/js/nav_sidebar.js
WARNING 2026-02-11 07:58:02,956 log 10764 Not Found: /static/admin/css/base.css
WARNING 2026-02-11 07:58:02,958 log 10764 Not Found: /static/admin/css/nav_sidebar.css
WARNING 2026-02-11 07:58:02,958 log 10764 Not Found: /static/admin/css/responsive.css
WARNING 2026-02-11 07:58:02,959 log 10764 Not Found: /static/admin/js/theme.js
WARNING 2026-02-11 07:58:02,960 log 10764 Not Found: /static/admin/css/dark_mode.css
WARNING 2026-02-11 07:58:02,961 log 10764 Not Found: /static/admin/css/login.css
WARNING 2026-02-11 07:58:02,964 log 10764 Not Found: /static/admin/js/nav_sidebar.js
WARNING 2026-02-11 07:58:02,983 log 10764 Not Found: /favicon.ico
WARNING 2026-02-11 07:58:03,221 log 10764 Not Found: /static/admin/css/base.css
WARNING 2026-02-11 07:58:03,222 log 10764 Not Found: /static/admin/css/dark_mode.css
WARNING 2026-02-11 07:58:03,223 log 10764 Not Found: /static/admin/css/nav_sidebar.css
WARNING 2026-02-11 07:58:03,224 log 10764 Not Found: /static/admin/css/login.css
WARNING 2026-02-11 07:58:03,225 log 10764 Not Found: /static/admin/css/responsive.css
WARNING 2026-02-11 07:58:03,226 log 10764 Not Found: /static/admin/js/theme.js
WARNING 2026-02-11 07:58:03,231 log 10764 Not Found: /static/admin/js/nav_sidebar.js
WARNING 2026-02-11 07:58:03,250 log 10764 Not Found: /favicon.ico
WARNING 2026-02-11 07:58:50,080 log 10764 Not Found: /static/admin/css/base.css
WARNING 2026-02-11 07:58:50,081 log 10764 Not Found: /static/admin/css/dark_mode.css
WARNING 2026-02-11 07:58:50,081 log 10764 Not Found: /static/admin/css/nav_sidebar.css
WARNING 2026-02-11 07:58:50,083 log 10764 Not Found: /static/admin/css/responsive.css
WARNING 2026-02-11 07:58:50,083 log 10764 Not Found: /static/admin/js/theme.js
WARNING 2026-02-11 07:58:50,084 log 10764 Not Found: /static/admin/css/login.css
WARNING 2026-02-11 07:58:50,086 log 10764 Not Found: /static/admin/js/nav_sidebar.js
WARNING 2026-02-11 07:59:24,101 log 10764 Not Found: /static/admin/css/base.css
WARNING 2026-02-11 07:59:24,102 log 10764 Not Found: /static/admin/css/nav_sidebar.css
WARNING 2026-02-11 07:59:24,102 log 10764 Not Found: /static/admin/js/theme.js
WARNING 2026-02-11 07:59:24,102 log 10764 Not Found: /static/admin/css/responsive.css
WARNING 2026-02-11 07:59:24,104 log 10764 Not Found: /static/admin/css/dark_mode.css
WARNING 2026-02-11 07:59:24,105 log 10764 Not Found: /static/admin/css/login.css
WARNING 2026-02-11 07:59:24,108 log 10764 Not Found: /static/admin/js/nav_sidebar.js
WARNING 2026-02-11 07:59:25,139 log 10764 Not Found: /static/admin/css/base.css
WARNING 2026-02-11 07:59:25,139 log 10764 Not Found: /static/admin/css/dark_mode.css
WARNING 2026-02-11 07:59:25,140 log 10764 Not Found: /static/admin/js/theme.js
WARNING 2026-02-11 07:59:25,141 log 10764 Not Found: /static/admin/css/login.css
WARNING 2026-02-11 07:59:25,142 log 10764 Not Found: /static/admin/css/responsive.css
WARNING 2026-02-11 07:59:25,142 log 10764 Not Found: /static/admin/css/nav_sidebar.css
WARNING 2026-02-11 07:59:25,147 log 10764 Not Found: /static/admin/js/nav_sidebar.js
WARNING 2026-02-11 07:59:30,116 log 10764 Not Found: /static/admin/css/base.css
WARNING 2026-02-11 07:59:30,117 log 10764 Not Found: /static/admin/css/dark_mode.css
WARNING 2026-02-11 07:59:30,118 log 10764 Not Found: /static/admin/css/nav_sidebar.css
WARNING 2026-02-11 07:59:30,119 log 10764 Not Found: /static/admin/css/login.css
WARNING 2026-02-11 07:59:30,119 log 10764 Not Found: /static/admin/css/responsive.css
WARNING 2026-02-11 07:59:30,140 log 10764 Not Found: /.well-known/appspecific/com.chrome.devtools.json
WARNING 2026-02-11 07:59:35,412 log 10764 Not Found: /.well-known/appspecific/com.chrome.devtools.json
WARNING 2026-02-11 07:59:40,617 log 10764 Not Found: /.well-known/appspecific/com.chrome.devtools.json
WARNING 2026-02-11 08:00:14,811 log 10764 Not Found: /.well-known/appspecific/com.chrome.devtools.json
WARNING 2026-02-11 08:00:34,542 log 10764 Not Found: /.well-known/appspecific/com.chrome.devtools.json
WARNING 2026-02-11 08:00:34,544 log 10764 Not Found: /static/admin/css/base.css
WARNING 2026-02-11 08:00:34,544 log 10764 Not Found: /static/admin/css/dark_mode.css
WARNING 2026-02-11 08:00:34,546 log 10764 Not Found: /static/admin/css/login.css
WARNING 2026-02-11 08:00:34,546 log 10764 Not Found: /static/admin/css/responsive.css
WARNING 2026-02-11 08:00:34,547 log 10764 Not Found: /static/admin/css/nav_sidebar.css
WARNING 2026-02-11 08:00:34,571 log 10764 Not Found: /static/admin/js/theme.js
WARNING 2026-02-11 08:00:34,572 log 10764 Not Found: /static/admin/js/nav_sidebar.js
WARNING 2026-02-11 08:00:42,545 log 10764 Not Found: /static/admin/css/base.css
WARNING 2026-02-11 08:00:42,546 log 10764 Not Found: /static/admin/css/dark_mode.css
WARNING 2026-02-11 08:00:42,547 log 10764 Not Found: /static/admin/css/nav_sidebar.css
WARNING 2026-02-11 08:00:42,547 log 10764 Not Found: /static/admin/css/login.css
WARNING 2026-02-11 08:00:42,548 log 10764 Not Found: /static/admin/css/responsive.css
WARNING 2026-02-11 08:00:42,563 log 10764 Not Found: /.well-known/appspecific/com.chrome.devtools.json
WARNING 2026-02-11 08:01:13,887 log 10764 Not Found: /.well-known/appspecific/com.chrome.devtools.json
WARNING 2026-02-11 08:01:13,894 log 10764 Not Found: /static/admin/css/base.css
WARNING 2026-02-11 08:01:13,896 log 10764 Not Found: /static/admin/css/dark_mode.css
WARNING 2026-02-11 08:01:13,897 log 10764 Not Found: /static/admin/css/login.css
WARNING 2026-02-11 08:01:13,897 log 10764 Not Found: /static/admin/css/nav_sidebar.css
WARNING 2026-02-11 08:01:13,899 log 10764 Not Found: /static/admin/css/responsive.css
WARNING 2026-02-11 08:01:13,918 log 10764 Not Found: /static/admin/js/theme.js
WARNING 2026-02-11 08:01:13,918 log 10764 Not Found: /static/admin/js/nav_sidebar.js
WARNING 2026-02-11 08:01:16,861 log 10764 Not Found: /static/admin/css/base.css
WARNING 2026-02-11 08:01:16,862 log 10764 Not Found: /static/admin/css/login.css
WARNING 2026-02-11 08:01:16,864 log 10764 Not Found: /static/admin/css/dark_mode.css
WARNING 2026-02-11 08:01:16,864 log 10764 Not Found: /static/admin/css/responsive.css
WARNING 2026-02-11 08:01:16,863 log 10764 Not Found: /static/admin/css/nav_sidebar.css
WARNING 2026-02-11 08:01:16,883 log 10764 Not Found: /.well-known/appspecific/com.chrome.devtools.json
INFO 2026-02-11 08:02:38,238 autoreload 15168 Watching for file changes with StatReloader
INFO 2026-02-11 08:02:38,245 autoreload 5384 Watching for file changes with StatReloader
WARNING 2026-02-11 08:02:48,131 log 15168 Not Found: /static/admin/css/base.css
WARNING 2026-02-11 08:02:48,132 log 15168 Not Found: /static/admin/css/dark_mode.css
WARNING 2026-02-11 08:02:48,134 log 15168 Not Found: /static/admin/css/nav_sidebar.css
WARNING 2026-02-11 08:02:48,136 log 15168 Not Found: /static/admin/css/login.css
WARNING 2026-02-11 08:02:48,137 log 15168 Not Found: /static/admin/css/responsive.css
WARNING 2026-02-11 08:02:48,140 log 15168 Not Found: /.well-known/appspecific/com.chrome.devtools.json
WARNING 2026-02-11 08:02:48,160 log 15168 Not Found: /static/admin/js/theme.js
WARNING 2026-02-11 08:02:48,161 log 15168 Not Found: /static/admin/js/nav_sidebar.js
WARNING 2026-02-11 08:02:50,307 log 15168 Not Found: /.well-known/appspecific/com.chrome.devtools.json
WARNING 2026-02-11 08:02:50,308 log 15168 Not Found: /static/admin/css/base.css
WARNING 2026-02-11 08:02:50,312 log 15168 Not Found: /static/admin/css/nav_sidebar.css
WARNING 2026-02-11 08:02:50,312 log 15168 Not Found: /static/admin/css/dark_mode.css
WARNING 2026-02-11 08:02:50,314 log 15168 Not Found: /static/admin/css/login.css
WARNING 2026-02-11 08:02:50,314 log 15168 Not Found: /static/admin/css/responsive.css
WARNING 2026-02-11 08:02:50,338 log 15168 Not Found: /static/admin/js/theme.js
WARNING 2026-02-11 08:02:50,338 log 15168 Not Found: /static/admin/js/nav_sidebar.js
WARNING 2026-02-11 08:03:07,102 log 15168 Not Found: /.well-known/appspecific/com.chrome.devtools.json
WARNING 2026-02-11 08:03:07,105 log 15168 Not Found: /static/admin/css/base.css
WARNING 2026-02-11 08:03:07,106 log 15168 Not Found: /static/admin/css/dark_mode.css
WARNING 2026-02-11 08:03:07,107 log 15168 Not Found: /static/admin/css/nav_sidebar.css
WARNING 2026-02-11 08:03:07,107 log 15168 Not Found: /static/admin/css/login.css
WARNING 2026-02-11 08:03:07,109 log 15168 Not Found: /static/admin/css/responsive.css
WARNING 2026-02-11 08:03:07,131 log 15168 Not Found: /static/admin/js/theme.js
WARNING 2026-02-11 08:03:07,132 log 15168 Not Found: /static/admin/js/nav_sidebar.js
WARNING 2026-02-11 08:03:07,686 log 15168 Not Found: /.well-known/appspecific/com.chrome.devtools.json
WARNING 2026-02-11 08:03:07,692 log 15168 Not Found: /static/admin/css/base.css
WARNING 2026-02-11 08:03:07,693 log 15168 Not Found: /static/admin/css/dark_mode.css
WARNING 2026-02-11 08:03:07,694 log 15168 Not Found: /static/admin/css/login.css
WARNING 2026-02-11 08:03:07,695 log 15168 Not Found: /static/admin/css/responsive.css
WARNING 2026-02-11 08:03:07,697 log 15168 Not Found: /static/admin/css/nav_sidebar.css
WARNING 2026-02-11 08:03:07,716 log 15168 Not Found: /static/admin/js/theme.js
WARNING 2026-02-11 08:03:07,717 log 15168 Not Found: /static/admin/js/nav_sidebar.js
WARNING 2026-02-11 08:03:08,025 log 15168 Not Found: /.well-known/appspecific/com.chrome.devtools.json
WARNING 2026-02-11 08:03:08,031 log 15168 Not Found: /static/admin/css/base.css
WARNING 2026-02-11 08:03:08,031 log 15168 Not Found: /static/admin/css/dark_mode.css
WARNING 2026-02-11 08:03:08,033 log 15168 Not Found: /static/admin/css/login.css
WARNING 2026-02-11 08:03:08,034 log 15168 Not Found: /static/admin/css/responsive.css
WARNING 2026-02-11 08:03:08,035 log 15168 Not Found: /static/admin/css/nav_sidebar.css
WARNING 2026-02-11 08:03:08,059 log 15168 Not Found: /static/admin/js/theme.js
WARNING 2026-02-11 08:03:08,060 log 15168 Not Found: /static/admin/js/nav_sidebar.js
WARNING 2026-02-11 08:03:08,250 log 15168 Not Found: /.well-known/appspecific/com.chrome.devtools.json
WARNING 2026-02-11 08:03:08,258 log 15168 Not Found: /static/admin/css/base.css
WARNING 2026-02-11 08:03:08,260 log 15168 Not Found: /static/admin/css/dark_mode.css
WARNING 2026-02-11 08:03:08,262 log 15168 Not Found: /static/admin/css/nav_sidebar.css
WARNING 2026-02-11 08:03:08,263 log 15168 Not Found: /static/admin/css/login.css
WARNING 2026-02-11 08:03:08,264 log 15168 Not Found: /static/admin/css/responsive.css
WARNING 2026-02-11 08:03:08,290 log 15168 Not Found: /static/admin/js/theme.js
WARNING 2026-02-11 08:03:08,291 log 15168 Not Found: /static/admin/js/nav_sidebar.js
WARNING 2026-02-11 08:03:54,090 log 15168 Not Found: /static/admin/css/base.css
WARNING 2026-02-11 08:03:54,090 log 15168 Not Found: /static/admin/css/login.css
WARNING 2026-02-11 08:03:54,090 log 15168 Not Found: /static/admin/css/nav_sidebar.css
WARNING 2026-02-11 08:03:54,090 log 15168 Not Found: /static/admin/css/responsive.css
WARNING 2026-02-11 08:03:54,090 log 15168 Not Found: /static/admin/css/dark_mode.css
WARNING 2026-02-11 08:03:54,104 log 15168 Not Found: /.well-known/appspecific/com.chrome.devtools.json
WARNING 2026-02-11 08:04:03,297 log 15168 Not Found: /static/admin/css/base.css
WARNING 2026-02-11 08:04:03,299 log 15168 Not Found: /static/admin/css/nav_sidebar.css
WARNING 2026-02-11 08:04:03,299 log 15168 Not Found: /static/admin/css/dark_mode.css
WARNING 2026-02-11 08:04:03,300 log 15168 Not Found: /static/admin/css/login.css
WARNING 2026-02-11 08:04:03,300 log 15168 Not Found: /static/admin/css/responsive.css
WARNING 2026-02-11 08:04:03,317 log 15168 Not Found: /static/admin/js/theme.js
WARNING 2026-02-11 08:04:03,317 log 15168 Not Found: /static/admin/js/nav_sidebar.js
WARNING 2026-02-11 08:04:03,818 log 15168 Not Found: /static/admin/css/base.css
WARNING 2026-02-11 08:04:03,819 log 15168 Not Found: /static/admin/css/dark_mode.css
WARNING 2026-02-11 08:04:03,820 log 15168 Not Found: /static/admin/css/nav_sidebar.css
WARNING 2026-02-11 08:04:03,820 log 15168 Not Found: /static/admin/css/login.css
WARNING 2026-02-11 08:04:03,821 log 15168 Not Found: /static/admin/css/responsive.css
WARNING 2026-02-11 08:04:03,826 log 15168 Not Found: /static/admin/js/theme.js
WARNING 2026-02-11 08:04:03,827 log 15168 Not Found: /static/admin/js/nav_sidebar.js
WARNING 2026-02-11 08:04:04,028 log 15168 Not Found: /static/admin/css/base.css
WARNING 2026-02-11 08:04:04,029 log 15168 Not Found: /static/admin/css/dark_mode.css
WARNING 2026-02-11 08:04:04,029 log 15168 Not Found: /static/admin/css/login.css
WARNING 2026-02-11 08:04:04,030 log 15168 Not Found: /static/admin/css/responsive.css
WARNING 2026-02-11 08:04:04,031 log 15168 Not Found: /static/admin/css/nav_sidebar.css
WARNING 2026-02-11 08:04:04,033 log 15168 Not Found: /static/admin/js/theme.js
WARNING 2026-02-11 08:04:04,039 log 15168 Not Found: /static/admin/js/nav_sidebar.js
WARNING 2026-02-11 08:04:09,037 log 15168 Not Found: /static/admin/css/base.css
WARNING 2026-02-11 08:04:09,038 log 15168 Not Found: /static/admin/css/dark_mode.css
WARNING 2026-02-11 08:04:09,039 log 15168 Not Found: /static/admin/css/nav_sidebar.css
WARNING 2026-02-11 08:04:09,039 log 15168 Not Found: /static/admin/css/login.css
WARNING 2026-02-11 08:04:09,040 log 15168 Not Found: /static/admin/css/responsive.css
WARNING 2026-02-11 08:04:09,052 log 15168 Not Found: /.well-known/appspecific/com.chrome.devtools.json
WARNING 2026-02-11 08:09:18,612 log 15168 Not Found: /static/admin/css/base.css
WARNING 2026-02-11 08:09:18,613 log 15168 Not Found: /.well-known/appspecific/com.chrome.devtools.json
WARNING 2026-02-11 08:09:18,613 log 15168 Not Found: /static/admin/css/dark_mode.css
WARNING 2026-02-11 08:09:18,618 log 15168 Not Found: /static/admin/css/nav_sidebar.css
WARNING 2026-02-11 08:09:18,620 log 15168 Not Found: /static/admin/css/login.css
WARNING 2026-02-11 08:09:18,625 log 15168 Not Found: /static/admin/css/responsive.css
WARNING 2026-02-11 08:09:18,638 log 15168 Not Found: /static/admin/js/theme.js
WARNING 2026-02-11 08:09:18,638 log 15168 Not Found: /static/admin/js/nav_sidebar.js
WARNING 2026-02-11 08:09:19,862 log 15168 Not Found: /.well-known/appspecific/com.chrome.devtools.json
WARNING 2026-02-11 08:09:19,865 log 15168 Not Found: /static/admin/css/base.css
WARNING 2026-02-11 08:09:19,866 log 15168 Not Found: /static/admin/css/dark_mode.css
WARNING 2026-02-11 08:09:19,867 log 15168 Not Found: /static/admin/css/nav_sidebar.css
WARNING 2026-02-11 08:09:19,868 log 15168 Not Found: /static/admin/css/responsive.css
WARNING 2026-02-11 08:09:19,869 log 15168 Not Found: /static/admin/css/login.css
WARNING 2026-02-11 08:09:19,894 log 15168 Not Found: /static/admin/js/theme.js
WARNING 2026-02-11 08:09:19,895 log 15168 Not Found: /static/admin/js/nav_sidebar.js
WARNING 2026-02-11 08:10:00,655 log 15168 Not Found: /.well-known/appspecific/com.chrome.devtools.json
WARNING 2026-02-11 08:10:00,658 log 15168 Not Found: /static/admin/css/base.css
WARNING 2026-02-11 08:10:00,660 log 15168 Not Found: /static/admin/css/dark_mode.css
WARNING 2026-02-11 08:10:00,661 log 15168 Not Found: /static/admin/css/nav_sidebar.css
WARNING 2026-02-11 08:10:00,661 log 15168 Not Found: /static/admin/css/responsive.css
WARNING 2026-02-11 08:10:00,662 log 15168 Not Found: /static/admin/css/login.css
WARNING 2026-02-11 08:10:00,680 log 15168 Not Found: /static/admin/js/theme.js
WARNING 2026-02-11 08:10:00,681 log 15168 Not Found: /static/admin/js/nav_sidebar.js
WARNING 2026-02-11 08:10:01,545 log 15168 Not Found: /.well-known/appspecific/com.chrome.devtools.json
WARNING 2026-02-11 08:10:01,549 log 15168 Not Found: /static/admin/css/base.css
WARNING 2026-02-11 08:10:01,550 log 15168 Not Found: /static/admin/css/dark_mode.css
WARNING 2026-02-11 08:10:01,551 log 15168 Not Found: /static/admin/css/nav_sidebar.css
WARNING 2026-02-11 08:10:01,553 log 15168 Not Found: /static/admin/css/login.css
WARNING 2026-02-11 08:10:01,554 log 15168 Not Found: /static/admin/css/responsive.css
WARNING 2026-02-11 08:10:01,574 log 15168 Not Found: /static/admin/js/theme.js
WARNING 2026-02-11 08:10:01,574 log 15168 Not Found: /static/admin/js/nav_sidebar.js
WARNING 2026-02-11 08:10:04,588 log 15168 Not Found: /.well-known/appspecific/com.chrome.devtools.json
WARNING 2026-02-11 08:10:04,591 log 15168 Not Found: /static/admin/css/base.css
WARNING 2026-02-11 08:10:04,592 log 15168 Not Found: /static/admin/css/responsive.css
WARNING 2026-02-11 08:10:04,593 log 15168 Not Found: /static/admin/css/nav_sidebar.css
WARNING 2026-02-11 08:10:04,594 log 15168 Not Found: /static/admin/css/login.css
WARNING 2026-02-11 08:10:04,594 log 15168 Not Found: /static/admin/css/dark_mode.css
WARNING 2026-02-11 08:10:04,624 log 15168 Not Found: /static/admin/css/base.css
WARNING 2026-02-11 08:10:04,626 log 15168 Not Found: /static/admin/css/responsive.css
WARNING 2026-02-11 08:10:04,626 log 15168 Not Found: /static/admin/css/nav_sidebar.css
WARNING 2026-02-11 08:10:04,626 log 15168 Not Found: /static/admin/js/nav_sidebar.js
WARNING 2026-02-11 08:10:04,626 log 15168 Not Found: /static/admin/js/theme.js
WARNING 2026-02-11 08:10:05,217 log 15168 Not Found: /.well-known/appspecific/com.chrome.devtools.json
WARNING 2026-02-11 08:10:05,224 log 15168 Not Found: /static/admin/css/base.css
WARNING 2026-02-11 08:10:05,225 log 15168 Not Found: /static/admin/css/dark_mode.css
WARNING 2026-02-11 08:10:05,226 log 15168 Not Found: /static/admin/css/login.css
WARNING 2026-02-11 08:10:05,226 log 15168 Not Found: /static/admin/css/nav_sidebar.css
WARNING 2026-02-11 08:10:05,227 log 15168 Not Found: /static/admin/css/responsive.css
WARNING 2026-02-11 08:10:05,237 log 15168 Not Found: /static/admin/js/theme.js
WARNING 2026-02-11 08:10:05,238 log 15168 Not Found: /static/admin/js/nav_sidebar.js
WARNING 2026-02-11 08:10:05,266 log 15168 Not Found: /static/admin/css/base.css
WARNING 2026-02-11 08:10:05,267 log 15168 Not Found: /static/admin/css/dark_mode.css
WARNING 2026-02-11 08:10:05,267 log 15168 Not Found: /static/admin/css/login.css
WARNING 2026-02-11 08:10:05,269 log 15168 Not Found: /static/admin/css/nav_sidebar.css
WARNING 2026-02-11 08:10:05,269 log 15168 Not Found: /static/admin/css/responsive.css
WARNING 2026-02-11 08:10:05,442 log 15168 Not Found: /.well-known/appspecific/com.chrome.devtools.json
WARNING 2026-02-11 08:10:05,444 log 15168 Not Found: /static/admin/css/base.css
WARNING 2026-02-11 08:10:05,445 log 15168 Not Found: /static/admin/css/dark_mode.css
WARNING 2026-02-11 08:10:05,447 log 15168 Not Found: /static/admin/css/nav_sidebar.css
WARNING 2026-02-11 08:10:05,448 log 15168 Not Found: /static/admin/css/login.css
WARNING 2026-02-11 08:10:05,448 log 15168 Not Found: /static/admin/css/responsive.css
WARNING 2026-02-11 08:10:05,455 log 15168 Not Found: /static/admin/js/theme.js
WARNING 2026-02-11 08:10:05,456 log 15168 Not Found: /static/admin/js/nav_sidebar.js
WARNING 2026-02-11 08:10:05,487 log 15168 Not Found: /static/admin/css/base.css
WARNING 2026-02-11 08:10:05,488 log 15168 Not Found: /static/admin/css/login.css
WARNING 2026-02-11 08:10:05,489 log 15168 Not Found: /static/admin/css/dark_mode.css
WARNING 2026-02-11 08:10:05,489 log 15168 Not Found: /static/admin/css/nav_sidebar.css
WARNING 2026-02-11 08:10:05,490 log 15168 Not Found: /static/admin/css/responsive.css
WARNING 2026-02-11 08:10:05,599 log 15168 Not Found: /.well-known/appspecific/com.chrome.devtools.json
WARNING 2026-02-11 08:10:05,605 log 15168 Not Found: /static/admin/css/base.css
WARNING 2026-02-11 08:10:05,606 log 15168 Not Found: /static/admin/css/dark_mode.css
WARNING 2026-02-11 08:10:05,607 log 15168 Not Found: /static/admin/css/responsive.css
WARNING 2026-02-11 08:10:05,607 log 15168 Not Found: /static/admin/css/nav_sidebar.css
WARNING 2026-02-11 08:10:05,609 log 15168 Not Found: /static/admin/css/login.css
WARNING 2026-02-11 08:10:05,617 log 15168 Not Found: /static/admin/js/theme.js
WARNING 2026-02-11 08:10:05,617 log 15168 Not Found: /static/admin/js/nav_sidebar.js
WARNING 2026-02-11 08:10:05,648 log 15168 Not Found: /static/admin/css/base.css
WARNING 2026-02-11 08:10:05,649 log 15168 Not Found: /static/admin/css/nav_sidebar.css
WARNING 2026-02-11 08:10:05,649 log 15168 Not Found: /static/admin/css/dark_mode.css
WARNING 2026-02-11 08:10:05,649 log 15168 Not Found: /static/admin/css/login.css
WARNING 2026-02-11 08:10:05,651 log 15168 Not Found: /static/admin/css/responsive.css
WARNING 2026-02-11 08:10:15,877 log 15168 Not Found: /.well-known/appspecific/com.chrome.devtools.json
WARNING 2026-02-11 08:10:15,878 log 15168 Not Found: /static/admin/css/base.css
WARNING 2026-02-11 08:10:15,879 log 15168 Not Found: /static/admin/css/dark_mode.css
WARNING 2026-02-11 08:10:15,880 log 15168 Not Found: /static/admin/css/nav_sidebar.css
WARNING 2026-02-11 08:10:15,881 log 15168 Not Found: /static/admin/css/login.css
WARNING 2026-02-11 08:10:15,882 log 15168 Not Found: /static/admin/css/responsive.css
WARNING 2026-02-11 08:10:15,904 log 15168 Not Found: /static/admin/js/theme.js
WARNING 2026-02-11 08:10:15,904 log 15168 Not Found: /static/admin/js/nav_sidebar.js
WARNING 2026-02-11 08:10:20,767 log 15168 Not Found: /.well-known/appspecific/com.chrome.devtools.json
WARNING 2026-02-11 08:10:20,768 log 15168 Not Found: /static/admin/css/base.css
WARNING 2026-02-11 08:10:20,769 log 15168 Not Found: /static/admin/css/dark_mode.css
WARNING 2026-02-11 08:10:20,770 log 15168 Not Found: /static/admin/css/nav_sidebar.css
WARNING 2026-02-11 08:10:20,771 log 15168 Not Found: /static/admin/css/login.css
WARNING 2026-02-11 08:10:20,771 log 15168 Not Found: /static/admin/css/responsive.css
WARNING 2026-02-11 08:10:20,802 log 15168 Not Found: /static/admin/css/base.css
WARNING 2026-02-11 08:10:20,802 log 15168 Not Found: /static/admin/js/theme.js
WARNING 2026-02-11 08:10:20,802 log 15168 Not Found: /static/admin/js/nav_sidebar.js
WARNING 2026-02-11 08:10:21,327 log 15168 Not Found: /.well-known/appspecific/com.chrome.devtools.json
WARNING 2026-02-11 08:10:21,334 log 15168 Not Found: /static/admin/css/base.css
WARNING 2026-02-11 08:10:21,335 log 15168 Not Found: /static/admin/css/dark_mode.css
WARNING 2026-02-11 08:10:21,335 log 15168 Not Found: /static/admin/css/nav_sidebar.css
WARNING 2026-02-11 08:10:21,336 log 15168 Not Found: /static/admin/css/login.css
WARNING 2026-02-11 08:10:21,337 log 15168 Not Found: /static/admin/css/responsive.css
WARNING 2026-02-11 08:10:21,364 log 15168 Not Found: /static/admin/js/theme.js
WARNING 2026-02-11 08:10:21,365 log 15168 Not Found: /static/admin/js/nav_sidebar.js
WARNING 2026-02-11 08:10:21,533 log 15168 Not Found: /.well-known/appspecific/com.chrome.devtools.json
WARNING 2026-02-11 08:10:21,539 log 15168 Not Found: /static/admin/css/base.css
WARNING 2026-02-11 08:10:21,541 log 15168 Not Found: /static/admin/css/dark_mode.css
WARNING 2026-02-11 08:10:21,541 log 15168 Not Found: /static/admin/css/nav_sidebar.css
WARNING 2026-02-11 08:10:21,542 log 15168 Not Found: /static/admin/css/login.css
WARNING 2026-02-11 08:10:21,543 log 15168 Not Found: /static/admin/css/responsive.css
WARNING 2026-02-11 08:10:21,573 log 15168 Not Found: /static/admin/js/theme.js
WARNING 2026-02-11 08:10:21,575 log 15168 Not Found: /static/admin/js/nav_sidebar.js
WARNING 2026-02-11 08:10:21,744 log 15168 Not Found: /.well-known/appspecific/com.chrome.devtools.json
WARNING 2026-02-11 08:10:21,751 log 15168 Not Found: /static/admin/css/base.css
WARNING 2026-02-11 08:10:21,753 log 15168 Not Found: /static/admin/css/dark_mode.css
WARNING 2026-02-11 08:10:21,753 log 15168 Not Found: /static/admin/css/nav_sidebar.css
WARNING 2026-02-11 08:10:21,754 log 15168 Not Found: /static/admin/css/login.css
WARNING 2026-02-11 08:10:21,755 log 15168 Not Found: /static/admin/css/responsive.css
WARNING 2026-02-11 08:10:21,786 log 15168 Not Found: /static/admin/js/theme.js
WARNING 2026-02-11 08:10:21,788 log 15168 Not Found: /static/admin/js/nav_sidebar.js
WARNING 2026-02-11 08:10:21,911 log 15168 Not Found: /.well-known/appspecific/com.chrome.devtools.json
WARNING 2026-02-11 08:10:21,916 log 15168 Not Found: /static/admin/css/base.css
WARNING 2026-02-11 08:10:21,917 log 15168 Not Found: /static/admin/css/dark_mode.css
WARNING 2026-02-11 08:10:21,918 log 15168 Not Found: /static/admin/css/nav_sidebar.css
WARNING 2026-02-11 08:10:21,919 log 15168 Not Found: /static/admin/css/login.css
WARNING 2026-02-11 08:10:21,919 log 15168 Not Found: /static/admin/css/responsive.css
WARNING 2026-02-11 08:10:21,950 log 15168 Not Found: /static/admin/js/theme.js
WARNING 2026-02-11 08:10:21,951 log 15168 Not Found: /static/admin/js/nav_sidebar.js
WARNING 2026-02-11 08:10:22,109 log 15168 Not Found: /.well-known/appspecific/com.chrome.devtools.json
WARNING 2026-02-11 08:10:22,114 log 15168 Not Found: /static/admin/css/base.css
WARNING 2026-02-11 08:10:22,115 log 15168 Not Found: /static/admin/css/dark_mode.css
WARNING 2026-02-11 08:10:22,116 log 15168 Not Found: /static/admin/css/nav_sidebar.css
WARNING 2026-02-11 08:10:22,116 log 15168 Not Found: /static/admin/css/login.css
WARNING 2026-02-11 08:10:22,118 log 15168 Not Found: /static/admin/css/responsive.css
WARNING 2026-02-11 08:10:22,144 log 15168 Not Found: /static/admin/js/theme.js
WARNING 2026-02-11 08:10:22,146 log 15168 Not Found: /static/admin/js/nav_sidebar.js
WARNING 2026-02-11 08:10:22,473 log 15168 Not Found: /.well-known/appspecific/com.chrome.devtools.json
WARNING 2026-02-11 08:10:22,479 log 15168 Not Found: /static/admin/css/base.css
WARNING 2026-02-11 08:10:22,480 log 15168 Not Found: /static/admin/css/dark_mode.css
WARNING 2026-02-11 08:10:22,480 log 15168 Not Found: /static/admin/css/nav_sidebar.css
WARNING 2026-02-11 08:10:22,480 log 15168 Not Found: /static/admin/css/login.css
WARNING 2026-02-11 08:10:22,482 log 15168 Not Found: /static/admin/css/responsive.css
WARNING 2026-02-11 08:10:22,517 log 15168 Not Found: /static/admin/js/theme.js
WARNING 2026-02-11 08:10:22,518 log 15168 Not Found: /static/admin/js/nav_sidebar.js
WARNING 2026-02-11 08:10:23,061 log 15168 Not Found: /.well-known/appspecific/com.chrome.devtools.json
WARNING 2026-02-11 08:10:23,067 log 15168 Not Found: /static/admin/css/base.css
WARNING 2026-02-11 08:10:23,068 log 15168 Not Found: /static/admin/css/dark_mode.css
WARNING 2026-02-11 08:10:23,069 log 15168 Not Found: /static/admin/css/nav_sidebar.css
WARNING 2026-02-11 08:10:23,070 log 15168 Not Found: /static/admin/css/login.css
WARNING 2026-02-11 08:10:23,071 log 15168 Not Found: /static/admin/css/responsive.css
WARNING 2026-02-11 08:10:23,100 log 15168 Not Found: /static/admin/js/theme.js
WARNING 2026-02-11 08:10:23,102 log 15168 Not Found: /static/admin/js/nav_sidebar.js
WARNING 2026-02-11 08:10:23,561 log 15168 Not Found: /.well-known/appspecific/com.chrome.devtools.json
WARNING 2026-02-11 08:10:23,569 log 15168 Not Found: /static/admin/css/base.css
WARNING 2026-02-11 08:10:23,570 log 15168 Not Found: /static/admin/css/dark_mode.css
WARNING 2026-02-11 08:10:23,570 log 15168 Not Found: /static/admin/css/nav_sidebar.css
WARNING 2026-02-11 08:10:23,571 log 15168 Not Found: /static/admin/css/login.css
WARNING 2026-02-11 08:10:23,573 log 15168 Not Found: /static/admin/css/responsive.css
WARNING 2026-02-11 08:10:23,603 log 15168 Not Found: /static/admin/js/theme.js
WARNING 2026-02-11 08:10:23,604 log 15168 Not Found: /static/admin/js/nav_sidebar.js
WARNING 2026-02-11 08:10:23,766 log 15168 Not Found: /.well-known/appspecific/com.chrome.devtools.json
WARNING 2026-02-11 08:10:23,773 log 15168 Not Found: /static/admin/css/base.css
WARNING 2026-02-11 08:10:23,774 log 15168 Not Found: /static/admin/css/dark_mode.css
WARNING 2026-02-11 08:10:23,776 log 15168 Not Found: /static/admin/css/responsive.css
WARNING 2026-02-11 08:10:23,776 log 15168 Not Found: /static/admin/css/nav_sidebar.css
WARNING 2026-02-11 08:10:23,777 log 15168 Not Found: /static/admin/css/login.css
WARNING 2026-02-11 08:10:23,805 log 15168 Not Found: /static/admin/js/theme.js
WARNING 2026-02-11 08:10:23,805 log 15168 Not Found: /static/admin/js/nav_sidebar.js
WARNING 2026-02-11 08:10:23,991 log 15168 Not Found: /.well-known/appspecific/com.chrome.devtools.json
WARNING 2026-02-11 08:10:23,998 log 15168 Not Found: /static/admin/css/base.css
WARNING 2026-02-11 08:10:24,000 log 15168 Not Found: /static/admin/css/dark_mode.css
WARNING 2026-02-11 08:10:24,001 log 15168 Not Found: /static/admin/css/nav_sidebar.css
WARNING 2026-02-11 08:10:24,001 log 15168 Not Found: /static/admin/css/login.css
WARNING 2026-02-11 08:10:24,002 log 15168 Not Found: /static/admin/css/responsive.css
WARNING 2026-02-11 08:10:24,032 log 15168 Not Found: /static/admin/js/theme.js
WARNING 2026-02-11 08:10:24,033 log 15168 Not Found: /static/admin/js/nav_sidebar.js
WARNING 2026-02-11 08:10:24,462 log 15168 Not Found: /.well-known/appspecific/com.chrome.devtools.json
WARNING 2026-02-11 08:10:24,468 log 15168 Not Found: /static/admin/css/base.css
WARNING 2026-02-11 08:10:24,469 log 15168 Not Found: /static/admin/css/dark_mode.css
WARNING 2026-02-11 08:10:24,469 log 15168 Not Found: /static/admin/css/nav_sidebar.css
WARNING 2026-02-11 08:10:24,471 log 15168 Not Found: /static/admin/css/login.css
WARNING 2026-02-11 08:10:24,471 log 15168 Not Found: /static/admin/css/responsive.css
WARNING 2026-02-11 08:10:24,505 log 15168 Not Found: /static/admin/js/theme.js
WARNING 2026-02-11 08:10:24,506 log 15168 Not Found: /static/admin/js/nav_sidebar.js
WARNING 2026-02-11 08:10:27,439 log 15168 Not Found: /.well-known/appspecific/com.chrome.devtools.json
WARNING 2026-02-11 08:10:27,442 log 15168 Not Found: /static/admin/css/base.css
WARNING 2026-02-11 08:10:27,443 log 15168 Not Found: /static/admin/css/dark_mode.css
WARNING 2026-02-11 08:10:27,445 log 15168 Not Found: /static/admin/css/login.css
WARNING 2026-02-11 08:10:27,445 log 15168 Not Found: /static/admin/css/responsive.css
WARNING 2026-02-11 08:10:27,446 log 15168 Not Found: /static/admin/css/nav_sidebar.css
WARNING 2026-02-11 08:10:27,478 log 15168 Not Found: /static/admin/js/theme.js
WARNING 2026-02-11 08:10:27,479 log 15168 Not Found: /static/admin/js/nav_sidebar.js
WARNING 2026-02-11 08:10:28,250 log 15168 Not Found: /.well-known/appspecific/com.chrome.devtools.json
WARNING 2026-02-11 08:10:28,253 log 15168 Not Found: /static/admin/css/base.css
WARNING 2026-02-11 08:10:28,254 log 15168 Not Found: /static/admin/css/dark_mode.css
WARNING 2026-02-11 08:10:28,255 log 15168 Not Found: /static/admin/css/nav_sidebar.css
WARNING 2026-02-11 08:10:28,255 log 15168 Not Found: /static/admin/css/login.css
WARNING 2026-02-11 08:10:28,256 log 15168 Not Found: /static/admin/css/responsive.css
WARNING 2026-02-11 08:10:28,294 log 15168 Not Found: /static/admin/js/theme.js
WARNING 2026-02-11 08:10:28,294 log 15168 Not Found: /static/admin/js/nav_sidebar.js
WARNING 2026-02-11 08:10:29,082 log 15168 Not Found: /.well-known/appspecific/com.chrome.devtools.json
WARNING 2026-02-11 08:10:29,089 log 15168 Not Found: /static/admin/css/base.css
WARNING 2026-02-11 08:10:29,090 log 15168 Not Found: /static/admin/css/dark_mode.css
WARNING 2026-02-11 08:10:29,090 log 15168 Not Found: /static/admin/css/nav_sidebar.css
WARNING 2026-02-11 08:10:29,092 log 15168 Not Found: /static/admin/css/responsive.css
WARNING 2026-02-11 08:10:29,093 log 15168 Not Found: /static/admin/css/login.css
WARNING 2026-02-11 08:10:29,145 log 15168 Not Found: /static/admin/js/theme.js
WARNING 2026-02-11 08:10:29,146 log 15168 Not Found: /static/admin/js/nav_sidebar.js
WARNING 2026-02-11 08:10:29,313 log 15168 Not Found: /.well-known/appspecific/com.chrome.devtools.json
WARNING 2026-02-11 08:10:29,320 log 15168 Not Found: /static/admin/css/base.css
WARNING 2026-02-11 08:10:29,321 log 15168 Not Found: /static/admin/css/dark_mode.css
WARNING 2026-02-11 08:10:29,323 log 15168 Not Found: /static/admin/css/nav_sidebar.css
WARNING 2026-02-11 08:10:29,324 log 15168 Not Found: /static/admin/css/responsive.css
WARNING 2026-02-11 08:10:29,324 log 15168 Not Found: /static/admin/css/login.css
WARNING 2026-02-11 08:10:29,378 log 15168 Not Found: /static/admin/js/theme.js
WARNING 2026-02-11 08:10:29,379 log 15168 Not Found: /static/admin/js/nav_sidebar.js
WARNING 2026-02-11 08:10:29,525 log 15168 Not Found: /.well-known/appspecific/com.chrome.devtools.json
WARNING 2026-02-11 08:10:29,533 log 15168 Not Found: /static/admin/css/base.css
WARNING 2026-02-11 08:10:29,534 log 15168 Not Found: /static/admin/css/dark_mode.css
WARNING 2026-02-11 08:10:29,536 log 15168 Not Found: /static/admin/css/responsive.css
WARNING 2026-02-11 08:10:29,536 log 15168 Not Found: /static/admin/css/nav_sidebar.css
WARNING 2026-02-11 08:10:29,536 log 15168 Not Found: /static/admin/css/login.css
WARNING 2026-02-11 08:10:29,544 log 15168 Not Found: /static/admin/js/theme.js
WARNING 2026-02-11 08:10:29,545 log 15168 Not Found: /static/admin/js/nav_sidebar.js
WARNING 2026-02-11 08:10:29,603 log 15168 Not Found: /static/admin/css/base.css
WARNING 2026-02-11 08:10:29,604 log 15168 Not Found: /static/admin/css/dark_mode.css
WARNING 2026-02-11 08:10:29,605 log 15168 Not Found: /static/admin/css/nav_sidebar.css
WARNING 2026-02-11 08:10:29,605 log 15168 Not Found: /static/admin/css/login.css
WARNING 2026-02-11 08:10:29,606 log 15168 Not Found: /static/admin/css/responsive.css
WARNING 2026-02-11 08:10:29,731 log 15168 Not Found: /.well-known/appspecific/com.chrome.devtools.json
WARNING 2026-02-11 08:10:29,737 log 15168 Not Found: /static/admin/css/base.css
WARNING 2026-02-11 08:10:29,739 log 15168 Not Found: /static/admin/css/dark_mode.css
WARNING 2026-02-11 08:10:29,739 log 15168 Not Found: /static/admin/css/nav_sidebar.css
WARNING 2026-02-11 08:10:29,740 log 15168 Not Found: /static/admin/css/login.css
WARNING 2026-02-11 08:10:29,741 log 15168 Not Found: /static/admin/css/responsive.css
WARNING 2026-02-11 08:10:29,749 log 15168 Not Found: /static/admin/js/theme.js
WARNING 2026-02-11 08:10:29,750 log 15168 Not Found: /static/admin/js/nav_sidebar.js
WARNING 2026-02-11 08:10:29,805 log 15168 Not Found: /static/admin/css/base.css
WARNING 2026-02-11 08:10:29,806 log 15168 Not Found: /static/admin/css/dark_mode.css
WARNING 2026-02-11 08:10:29,806 log 15168 Not Found: /static/admin/css/responsive.css
WARNING 2026-02-11 08:10:29,807 log 15168 Not Found: /static/admin/css/nav_sidebar.css
WARNING 2026-02-11 08:10:29,808 log 15168 Not Found: /static/admin/css/login.css
WARNING 2026-02-11 08:10:29,989 log 15168 Not Found: /.well-known/appspecific/com.chrome.devtools.json
WARNING 2026-02-11 08:10:29,990 log 15168 Not Found: /static/admin/css/base.css
WARNING 2026-02-11 08:10:29,991 log 15168 Not Found: /static/admin/css/dark_mode.css
WARNING 2026-02-11 08:10:29,992 log 15168 Not Found: /static/admin/css/nav_sidebar.css
WARNING 2026-02-11 08:10:29,993 log 15168 Not Found: /static/admin/css/responsive.css
WARNING 2026-02-11 08:10:29,994 log 15168 Not Found: /static/admin/css/login.css
WARNING 2026-02-11 08:10:30,004 log 15168 Not Found: /static/admin/js/theme.js
WARNING 2026-02-11 08:10:30,005 log 15168 Not Found: /static/admin/js/nav_sidebar.js
WARNING 2026-02-11 08:10:30,073 log 15168 Not Found: /static/admin/css/base.css
WARNING 2026-02-11 08:10:30,074 log 15168 Not Found: /static/admin/css/dark_mode.css
WARNING 2026-02-11 08:10:30,075 log 15168 Not Found: /static/admin/css/nav_sidebar.css
WARNING 2026-02-11 08:10:30,076 log 15168 Not Found: /static/admin/css/login.css
WARNING 2026-02-11 08:10:30,077 log 15168 Not Found: /static/admin/css/responsive.css
WARNING 2026-02-11 08:10:30,426 log 15168 Not Found: /static/admin/css/base.css
WARNING 2026-02-11 08:10:30,427 log 15168 Not Found: /static/admin/css/dark_mode.css
WARNING 2026-02-11 08:10:30,428 log 15168 Not Found: /.well-known/appspecific/com.chrome.devtools.json
WARNING 2026-02-11 08:10:30,428 log 15168 Not Found: /static/admin/css/nav_sidebar.css
WARNING 2026-02-11 08:10:30,429 log 15168 Not Found: /static/admin/css/responsive.css
WARNING 2026-02-11 08:10:30,430 log 15168 Not Found: /static/admin/css/login.css
WARNING 2026-02-11 08:10:30,493 log 15168 Not Found: /static/admin/js/theme.js
WARNING 2026-02-11 08:10:30,493 log 15168 Not Found: /static/admin/js/nav_sidebar.js
WARNING 2026-02-11 08:10:30,679 log 15168 Not Found: /.well-known/appspecific/com.chrome.devtools.json
WARNING 2026-02-11 08:10:30,685 log 15168 Not Found: /static/admin/css/base.css
WARNING 2026-02-11 08:10:30,687 log 15168 Not Found: /static/admin/css/dark_mode.css
WARNING 2026-02-11 08:10:30,688 log 15168 Not Found: /static/admin/css/nav_sidebar.css
WARNING 2026-02-11 08:10:30,689 log 15168 Not Found: /static/admin/css/login.css
WARNING 2026-02-11 08:10:30,690 log 15168 Not Found: /static/admin/css/responsive.css
WARNING 2026-02-11 08:10:30,781 log 15168 Not Found: /static/admin/css/base.css
WARNING 2026-02-11 08:10:30,782 log 15168 Not Found: /static/admin/css/dark_mode.css
WARNING 2026-02-11 08:10:30,783 log 15168 Not Found: /static/admin/js/nav_sidebar.js
WARNING 2026-02-11 08:10:30,783 log 15168 Not Found: /static/admin/js/theme.js
WARNING 2026-02-11 08:10:30,785 log 15168 Not Found: /static/admin/css/nav_sidebar.css
WARNING 2026-02-11 08:10:31,110 log 15168 Not Found: /.well-known/appspecific/com.chrome.devtools.json
WARNING 2026-02-11 08:10:31,115 log 15168 Not Found: /static/admin/css/base.css
WARNING 2026-02-11 08:10:31,116 log 15168 Not Found: /static/admin/css/responsive.css
WARNING 2026-02-11 08:10:31,117 log 15168 Not Found: /static/admin/css/nav_sidebar.css
WARNING 2026-02-11 08:10:31,118 log 15168 Not Found: /static/admin/css/dark_mode.css
WARNING 2026-02-11 08:10:31,120 log 15168 Not Found: /static/admin/css/login.css
WARNING 2026-02-11 08:10:31,128 log 15168 Not Found: /static/admin/js/theme.js
WARNING 2026-02-11 08:10:31,129 log 15168 Not Found: /static/admin/js/nav_sidebar.js
WARNING 2026-02-11 08:10:31,194 log 15168 Not Found: /static/admin/css/base.css
WARNING 2026-02-11 08:10:31,196 log 15168 Not Found: /static/admin/css/login.css
WARNING 2026-02-11 08:10:31,198 log 15168 Not Found: /static/admin/css/responsive.css
WARNING 2026-02-11 08:10:31,199 log 15168 Not Found: /static/admin/css/nav_sidebar.css
WARNING 2026-02-11 08:10:31,199 log 15168 Not Found: /static/admin/css/dark_mode.css
WARNING 2026-02-11 08:10:31,361 log 15168 Not Found: /.well-known/appspecific/com.chrome.devtools.json
WARNING 2026-02-11 08:10:31,370 log 15168 Not Found: /static/admin/css/base.css
WARNING 2026-02-11 08:10:31,370 log 15168 Not Found: /static/admin/css/dark_mode.css
WARNING 2026-02-11 08:10:31,371 log 15168 Not Found: /static/admin/css/nav_sidebar.css
WARNING 2026-02-11 08:10:31,372 log 15168 Not Found: /static/admin/css/login.css
WARNING 2026-02-11 08:10:31,373 log 15168 Not Found: /static/admin/css/responsive.css
WARNING 2026-02-11 08:10:31,411 log 15168 Not Found: /static/admin/js/theme.js
WARNING 2026-02-11 08:10:31,412 log 15168 Not Found: /static/admin/js/nav_sidebar.js
WARNING 2026-02-11 08:10:31,823 log 15168 Not Found: /.well-known/appspecific/com.chrome.devtools.json
WARNING 2026-02-11 08:10:31,829 log 15168 Not Found: /static/admin/css/base.css
WARNING 2026-02-11 08:10:31,830 log 15168 Not Found: /static/admin/css/dark_mode.css
WARNING 2026-02-11 08:10:31,832 log 15168 Not Found: /static/admin/css/nav_sidebar.css
WARNING 2026-02-11 08:10:31,833 log 15168 Not Found: /static/admin/css/login.css
WARNING 2026-02-11 08:10:31,834 log 15168 Not Found: /static/admin/css/responsive.css
WARNING 2026-02-11 08:10:31,869 log 15168 Not Found: /static/admin/js/theme.js
WARNING 2026-02-11 08:10:31,870 log 15168 Not Found: /static/admin/js/nav_sidebar.js
WARNING 2026-02-11 08:10:32,920 log 15168 Not Found: /.well-known/appspecific/com.chrome.devtools.json
WARNING 2026-02-11 08:10:32,924 log 15168 Not Found: /static/admin/css/base.css
WARNING 2026-02-11 08:10:32,925 log 15168 Not Found: /static/admin/css/dark_mode.css
WARNING 2026-02-11 08:10:32,926 log 15168 Not Found: /static/admin/css/nav_sidebar.css
WARNING 2026-02-11 08:10:32,927 log 15168 Not Found: /static/admin/css/login.css
WARNING 2026-02-11 08:10:32,928 log 15168 Not Found: /static/admin/css/responsive.css
WARNING 2026-02-11 08:10:32,964 log 15168 Not Found: /static/admin/js/theme.js
WARNING 2026-02-11 08:10:32,965 log 15168 Not Found: /static/admin/js/nav_sidebar.js
WARNING 2026-02-11 08:10:33,118 log 15168 Not Found: /.well-known/appspecific/com.chrome.devtools.json
WARNING 2026-02-11 08:10:33,124 log 15168 Not Found: /static/admin/css/base.css
WARNING 2026-02-11 08:10:33,125 log 15168 Not Found: /static/admin/css/login.css
WARNING 2026-02-11 08:10:33,126 log 15168 Not Found: /static/admin/css/responsive.css
WARNING 2026-02-11 08:10:33,127 log 15168 Not Found: /static/admin/css/nav_sidebar.css
WARNING 2026-02-11 08:10:33,128 log 15168 Not Found: /static/admin/css/dark_mode.css
WARNING 2026-02-11 08:10:33,163 log 15168 Not Found: /static/admin/js/theme.js
WARNING 2026-02-11 08:10:33,164 log 15168 Not Found: /static/admin/js/nav_sidebar.js
WARNING 2026-02-11 08:10:33,929 log 15168 Not Found: /.well-known/appspecific/com.chrome.devtools.json
WARNING 2026-02-11 08:10:33,936 log 15168 Not Found: /static/admin/css/base.css
WARNING 2026-02-11 08:10:33,938 log 15168 Not Found: /static/admin/css/dark_mode.css
WARNING 2026-02-11 08:10:33,938 log 15168 Not Found: /static/admin/css/nav_sidebar.css
WARNING 2026-02-11 08:10:33,939 log 15168 Not Found: /static/admin/css/responsive.css
WARNING 2026-02-11 08:10:33,940 log 15168 Not Found: /static/admin/css/login.css
WARNING 2026-02-11 08:10:33,981 log 15168 Not Found: /static/admin/js/theme.js
WARNING 2026-02-11 08:10:33,982 log 15168 Not Found: /static/admin/js/nav_sidebar.js
WARNING 2026-02-11 08:11:03,151 log 15168 Not Found: /.well-known/appspecific/com.chrome.devtools.json
WARNING 2026-02-11 08:11:03,154 log 15168 Not Found: /static/admin/css/base.css
WARNING 2026-02-11 08:11:03,155 log 15168 Not Found: /static/admin/css/dark_mode.css
WARNING 2026-02-11 08:11:03,156 log 15168 Not Found: /static/admin/css/nav_sidebar.css
WARNING 2026-02-11 08:11:03,157 log 15168 Not Found: /static/admin/css/login.css
WARNING 2026-02-11 08:11:03,158 log 15168 Not Found: /static/admin/css/responsive.css
WARNING 2026-02-11 08:11:03,179 log 15168 Not Found: /static/admin/js/theme.js
WARNING 2026-02-11 08:11:03,179 log 15168 Not Found: /static/admin/js/nav_sidebar.js
WARNING 2026-02-11 08:11:03,764 log 15168 Not Found: /.well-known/appspecific/com.chrome.devtools.json
WARNING 2026-02-11 08:11:03,770 log 15168 Not Found: /static/admin/css/base.css
WARNING 2026-02-11 08:11:03,771 log 15168 Not Found: /static/admin/css/dark_mode.css
WARNING 2026-02-11 08:11:03,772 log 15168 Not Found: /static/admin/css/nav_sidebar.css
WARNING 2026-02-11 08:11:03,773 log 15168 Not Found: /static/admin/css/login.css
WARNING 2026-02-11 08:11:03,774 log 15168 Not Found: /static/admin/css/responsive.css
WARNING 2026-02-11 08:11:03,792 log 15168 Not Found: /static/admin/js/theme.js
WARNING 2026-02-11 08:11:03,793 log 15168 Not Found: /static/admin/js/nav_sidebar.js
WARNING 2026-02-11 08:11:04,042 log 15168 Not Found: /.well-known/appspecific/com.chrome.devtools.json
WARNING 2026-02-11 08:11:04,048 log 15168 Not Found: /static/admin/css/base.css
WARNING 2026-02-11 08:11:04,051 log 15168 Not Found: /static/admin/css/responsive.css
WARNING 2026-02-11 08:11:04,050 log 15168 Not Found: /static/admin/css/nav_sidebar.css
WARNING 2026-02-11 08:11:04,050 log 15168 Not Found: /static/admin/css/login.css
WARNING 2026-02-11 08:11:04,049 log 15168 Not Found: /static/admin/css/dark_mode.css
WARNING 2026-02-11 08:11:04,071 log 15168 Not Found: /static/admin/js/theme.js
WARNING 2026-02-11 08:11:04,072 log 15168 Not Found: /static/admin/js/nav_sidebar.js
WARNING 2026-02-11 08:11:04,303 log 15168 Not Found: /.well-known/appspecific/com.chrome.devtools.json
WARNING 2026-02-11 08:11:04,309 log 15168 Not Found: /static/admin/css/base.css
WARNING 2026-02-11 08:11:04,311 log 15168 Not Found: /static/admin/css/dark_mode.css
WARNING 2026-02-11 08:11:04,311 log 15168 Not Found: /static/admin/css/responsive.css
WARNING 2026-02-11 08:11:04,313 log 15168 Not Found: /static/admin/css/nav_sidebar.css
WARNING 2026-02-11 08:11:04,314 log 15168 Not Found: /static/admin/css/login.css
WARNING 2026-02-11 08:11:04,328 log 15168 Not Found: /static/admin/js/theme.js
WARNING 2026-02-11 08:11:04,329 log 15168 Not Found: /static/admin/js/nav_sidebar.js
WARNING 2026-02-11 08:11:08,979 log 15168 Not Found: /.well-known/appspecific/com.chrome.devtools.json
WARNING 2026-02-11 08:11:08,982 log 15168 Not Found: /static/admin/css/base.css
WARNING 2026-02-11 08:11:08,983 log 15168 Not Found: /static/admin/css/dark_mode.css
WARNING 2026-02-11 08:11:08,985 log 15168 Not Found: /static/admin/css/nav_sidebar.css
WARNING 2026-02-11 08:11:08,986 log 15168 Not Found: /static/admin/css/login.css
WARNING 2026-02-11 08:11:08,986 log 15168 Not Found: /static/admin/css/responsive.css
WARNING 2026-02-11 08:11:09,008 log 15168 Not Found: /static/admin/js/theme.js
WARNING 2026-02-11 08:11:09,009 log 15168 Not Found: /static/admin/js/nav_sidebar.js
WARNING 2026-02-11 08:11:09,826 log 15168 Not Found: /.well-known/appspecific/com.chrome.devtools.json
WARNING 2026-02-11 08:11:09,829 log 15168 Not Found: /static/admin/css/base.css
WARNING 2026-02-11 08:11:09,831 log 15168 Not Found: /static/admin/css/dark_mode.css
WARNING 2026-02-11 08:11:09,832 log 15168 Not Found: /static/admin/css/nav_sidebar.css
WARNING 2026-02-11 08:11:09,833 log 15168 Not Found: /static/admin/css/login.css
WARNING 2026-02-11 08:11:09,837 log 15168 Not Found: /static/admin/css/responsive.css
WARNING 2026-02-11 08:11:09,862 log 15168 Not Found: /static/admin/js/theme.js
WARNING 2026-02-11 08:11:09,862 log 15168 Not Found: /static/admin/js/nav_sidebar.js
WARNING 2026-02-11 08:11:10,624 log 15168 Not Found: /.well-known/appspecific/com.chrome.devtools.json
WARNING 2026-02-11 08:11:10,627 log 15168 Not Found: /static/admin/css/base.css
WARNING 2026-02-11 08:11:10,628 log 15168 Not Found: /static/admin/css/dark_mode.css
WARNING 2026-02-11 08:11:10,629 log 15168 Not Found: /static/admin/css/responsive.css
WARNING 2026-02-11 08:11:10,630 log 15168 Not Found: /static/admin/css/nav_sidebar.css
WARNING 2026-02-11 08:11:10,632 log 15168 Not Found: /static/admin/css/login.css
WARNING 2026-02-11 08:11:10,654 log 15168 Not Found: /static/admin/js/theme.js
WARNING 2026-02-11 08:11:10,655 log 15168 Not Found: /static/admin/js/nav_sidebar.js
WARNING 2026-02-11 08:11:11,774 log 15168 Not Found: /.well-known/appspecific/com.chrome.devtools.json
WARNING 2026-02-11 08:11:11,775 log 15168 Not Found: /static/admin/css/base.css
WARNING 2026-02-11 08:11:11,776 log 15168 Not Found: /static/admin/css/dark_mode.css
WARNING 2026-02-11 08:11:11,777 log 15168 Not Found: /static/admin/css/nav_sidebar.css
WARNING 2026-02-11 08:11:11,777 log 15168 Not Found: /static/admin/css/login.css
WARNING 2026-02-11 08:11:11,778 log 15168 Not Found: /static/admin/css/responsive.css
WARNING 2026-02-11 08:11:11,807 log 15168 Not Found: /static/admin/js/theme.js
WARNING 2026-02-11 08:11:11,808 log 15168 Not Found: /static/admin/js/nav_sidebar.js
WARNING 2026-02-11 08:11:12,128 log 15168 Not Found: /.well-known/appspecific/com.chrome.devtools.json
WARNING 2026-02-11 08:11:12,132 log 15168 Not Found: /static/admin/css/base.css
WARNING 2026-02-11 08:11:12,135 log 15168 Not Found: /static/admin/css/dark_mode.css
WARNING 2026-02-11 08:11:12,136 log 15168 Not Found: /static/admin/css/login.css
WARNING 2026-02-11 08:11:12,137 log 15168 Not Found: /static/admin/css/nav_sidebar.css
WARNING 2026-02-11 08:11:12,138 log 15168 Not Found: /static/admin/css/responsive.css
WARNING 2026-02-11 08:11:12,155 log 15168 Not Found: /static/admin/js/theme.js
WARNING 2026-02-11 08:11:12,156 log 15168 Not Found: /static/admin/js/nav_sidebar.js
WARNING 2026-02-11 08:11:12,595 log 15168 Not Found: /.well-known/appspecific/com.chrome.devtools.json
WARNING 2026-02-11 08:11:12,600 log 15168 Not Found: /static/admin/css/base.css
WARNING 2026-02-11 08:11:12,601 log 15168 Not Found: /static/admin/css/dark_mode.css
WARNING 2026-02-11 08:11:12,603 log 15168 Not Found: /static/admin/css/nav_sidebar.css
WARNING 2026-02-11 08:11:12,604 log 15168 Not Found: /static/admin/css/responsive.css
WARNING 2026-02-11 08:11:12,606 log 15168 Not Found: /static/admin/css/login.css
WARNING 2026-02-11 08:11:12,626 log 15168 Not Found: /static/admin/js/theme.js
WARNING 2026-02-11 08:11:12,627 log 15168 Not Found: /static/admin/js/nav_sidebar.js
WARNING 2026-02-11 08:11:14,404 log 15168 Not Found: /.well-known/appspecific/com.chrome.devtools.json
WARNING 2026-02-11 08:11:14,409 log 15168 Not Found: /static/admin/css/base.css
WARNING 2026-02-11 08:11:14,411 log 15168 Not Found: /static/admin/css/dark_mode.css
WARNING 2026-02-11 08:11:14,411 log 15168 Not Found: /static/admin/css/nav_sidebar.css
WARNING 2026-02-11 08:11:14,412 log 15168 Not Found: /static/admin/css/login.css
WARNING 2026-02-11 08:11:14,413 log 15168 Not Found: /static/admin/css/responsive.css
WARNING 2026-02-11 08:11:14,433 log 15168 Not Found: /static/admin/js/theme.js
WARNING 2026-02-11 08:11:14,434 log 15168 Not Found: /static/admin/js/nav_sidebar.js
WARNING 2026-02-11 08:11:14,688 log 15168 Not Found: /.well-known/appspecific/com.chrome.devtools.json
WARNING 2026-02-11 08:11:14,696 log 15168 Not Found: /static/admin/css/base.css
WARNING 2026-02-11 08:11:14,696 log 15168 Not Found: /static/admin/css/dark_mode.css
WARNING 2026-02-11 08:11:14,697 log 15168 Not Found: /static/admin/css/nav_sidebar.css
WARNING 2026-02-11 08:11:14,698 log 15168 Not Found: /static/admin/css/login.css
WARNING 2026-02-11 08:11:14,698 log 15168 Not Found: /static/admin/css/responsive.css
WARNING 2026-02-11 08:11:14,722 log 15168 Not Found: /static/admin/js/theme.js
WARNING 2026-02-11 08:11:14,722 log 15168 Not Found: /static/admin/js/nav_sidebar.js
WARNING 2026-02-11 08:11:49,298 log 15168 Not Found: /static/admin/css/base.css
WARNING 2026-02-11 08:11:49,298 log 15168 Not Found: /static/admin/css/dark_mode.css
WARNING 2026-02-11 08:11:49,300 log 15168 Not Found: /static/admin/css/nav_sidebar.css
WARNING 2026-02-11 08:11:49,301 log 15168 Not Found: /static/admin/css/login.css
WARNING 2026-02-11 08:11:49,302 log 15168 Not Found: /static/admin/css/responsive.css
WARNING 2026-02-11 08:11:49,318 log 15168 Not Found: /static/admin/js/theme.js
WARNING 2026-02-11 08:11:49,323 log 15168 Not Found: /static/admin/js/nav_sidebar.js
WARNING 2026-02-11 08:12:29,962 log 15168 Not Found: /static/admin/css/base.css
WARNING 2026-02-11 08:12:29,962 log 15168 Not Found: /static/admin/css/login.css
WARNING 2026-02-11 08:12:29,962 log 15168 Not Found: /static/admin/css/nav_sidebar.css
WARNING 2026-02-11 08:12:29,965 log 15168 Not Found: /static/admin/css/dark_mode.css
WARNING 2026-02-11 08:12:29,967 log 15168 Not Found: /static/admin/css/responsive.css
WARNING 2026-02-11 08:12:29,975 log 15168 Not Found: /.well-known/appspecific/com.chrome.devtools.json
WARNING 2026-02-11 08:13:07,630 log 15168 Not Found: /.well-known/appspecific/com.chrome.devtools.json
WARNING 2026-02-11 08:13:07,634 log 15168 Not Found: /static/admin/css/base.css
WARNING 2026-02-11 08:13:07,635 log 15168 Not Found: /static/admin/css/dark_mode.css
WARNING 2026-02-11 08:13:07,636 log 15168 Not Found: /static/admin/css/nav_sidebar.css
WARNING 2026-02-11 08:13:07,636 log 15168 Not Found: /static/admin/css/login.css
WARNING 2026-02-11 08:13:07,637 log 15168 Not Found: /static/admin/css/responsive.css
WARNING 2026-02-11 08:13:07,651 log 15168 Not Found: /static/admin/js/theme.js
WARNING 2026-02-11 08:13:07,652 log 15168 Not Found: /static/admin/js/nav_sidebar.js
WARNING 2026-02-11 08:13:08,081 log 15168 Not Found: /.well-known/appspecific/com.chrome.devtools.json
WARNING 2026-02-11 08:13:08,087 log 15168 Not Found: /static/admin/css/base.css
WARNING 2026-02-11 08:13:08,088 log 15168 Not Found: /static/admin/css/login.css
WARNING 2026-02-11 08:13:08,089 log 15168 Not Found: /static/admin/css/nav_sidebar.css
WARNING 2026-02-11 08:13:08,090 log 15168 Not Found: /static/admin/css/responsive.css
WARNING 2026-02-11 08:13:08,092 log 15168 Not Found: /static/admin/css/dark_mode.css
WARNING 2026-02-11 08:13:08,113 log 15168 Not Found: /static/admin/js/theme.js
WARNING 2026-02-11 08:13:08,114 log 15168 Not Found: /static/admin/js/nav_sidebar.js
WARNING 2026-02-11 08:13:08,287 log 15168 Not Found: /.well-known/appspecific/com.chrome.devtools.json
WARNING 2026-02-11 08:13:08,292 log 15168 Not Found: /static/admin/css/base.css
WARNING 2026-02-11 08:13:08,293 log 15168 Not Found: /static/admin/css/dark_mode.css
WARNING 2026-02-11 08:13:08,294 log 15168 Not Found: /static/admin/css/nav_sidebar.css
WARNING 2026-02-11 08:13:08,295 log 15168 Not Found: /static/admin/css/login.css
WARNING 2026-02-11 08:13:08,296 log 15168 Not Found: /static/admin/css/responsive.css
WARNING 2026-02-11 08:13:08,315 log 15168 Not Found: /static/admin/js/theme.js
WARNING 2026-02-11 08:13:08,317 log 15168 Not Found: /static/admin/js/nav_sidebar.js
WARNING 2026-02-11 08:13:49,826 log 15168 Not Found: /.well-known/appspecific/com.chrome.devtools.json
WARNING 2026-02-11 08:13:49,829 log 15168 Not Found: /static/admin/css/base.css
WARNING 2026-02-11 08:13:49,829 log 15168 Not Found: /static/admin/css/dark_mode.css
WARNING 2026-02-11 08:13:49,830 log 15168 Not Found: /static/admin/css/nav_sidebar.css
WARNING 2026-02-11 08:13:49,831 log 15168 Not Found: /static/admin/css/login.css
WARNING 2026-02-11 08:13:49,832 log 15168 Not Found: /static/admin/css/responsive.css
WARNING 2026-02-11 08:13:49,855 log 15168 Not Found: /static/admin/js/theme.js
WARNING 2026-02-11 08:13:49,857 log 15168 Not Found: /static/admin/js/nav_sidebar.js
WARNING 2026-02-11 08:13:50,405 log 15168 Not Found: /.well-known/appspecific/com.chrome.devtools.json
WARNING 2026-02-11 08:13:50,411 log 15168 Not Found: /static/admin/css/base.css
WARNING 2026-02-11 08:13:50,412 log 15168 Not Found: /static/admin/css/dark_mode.css
WARNING 2026-02-11 08:13:50,413 log 15168 Not Found: /static/admin/css/nav_sidebar.css
WARNING 2026-02-11 08:13:50,413 log 15168 Not Found: /static/admin/css/login.css
WARNING 2026-02-11 08:13:50,414 log 15168 Not Found: /static/admin/css/responsive.css
WARNING 2026-02-11 08:13:50,439 log 15168 Not Found: /static/admin/js/theme.js
WARNING 2026-02-11 08:13:50,440 log 15168 Not Found: /static/admin/js/nav_sidebar.js
WARNING 2026-02-11 08:13:50,633 log 15168 Not Found: /.well-known/appspecific/com.chrome.devtools.json
WARNING 2026-02-11 08:13:50,640 log 15168 Not Found: /static/admin/css/base.css
WARNING 2026-02-11 08:13:50,640 log 15168 Not Found: /static/admin/css/dark_mode.css
WARNING 2026-02-11 08:13:50,642 log 15168 Not Found: /static/admin/css/nav_sidebar.css
WARNING 2026-02-11 08:13:50,642 log 15168 Not Found: /static/admin/css/login.css
WARNING 2026-02-11 08:13:50,643 log 15168 Not Found: /static/admin/css/responsive.css
WARNING 2026-02-11 08:13:50,665 log 15168 Not Found: /static/admin/js/theme.js
WARNING 2026-02-11 08:13:50,666 log 15168 Not Found: /static/admin/js/nav_sidebar.js
WARNING 2026-02-11 08:13:52,677 log 15168 Not Found: /.well-known/appspecific/com.chrome.devtools.json
WARNING 2026-02-11 08:13:52,678 log 15168 Not Found: /static/admin/css/dark_mode.css
WARNING 2026-02-11 08:13:52,679 log 15168 Not Found: /static/admin/css/nav_sidebar.css
WARNING 2026-02-11 08:13:52,680 log 15168 Not Found: /static/admin/css/login.css
WARNING 2026-02-11 08:13:52,681 log 15168 Not Found: /static/admin/css/responsive.css
WARNING 2026-02-11 08:13:52,683 log 15168 Not Found: /static/admin/css/base.css
WARNING 2026-02-11 08:13:52,706 log 15168 Not Found: /static/admin/js/theme.js
WARNING 2026-02-11 08:13:52,707 log 15168 Not Found: /static/admin/js/nav_sidebar.js
WARNING 2026-02-11 08:13:52,861 log 15168 Not Found: /.well-known/appspecific/com.chrome.devtools.json
WARNING 2026-02-11 08:13:52,867 log 15168 Not Found: /static/admin/css/base.css
WARNING 2026-02-11 08:13:52,869 log 15168 Not Found: /static/admin/css/dark_mode.css
WARNING 2026-02-11 08:13:52,870 log 15168 Not Found: /static/admin/css/nav_sidebar.css
WARNING 2026-02-11 08:13:52,871 log 15168 Not Found: /static/admin/css/login.css
WARNING 2026-02-11 08:13:52,872 log 15168 Not Found: /static/admin/css/responsive.css
WARNING 2026-02-11 08:13:52,888 log 15168 Not Found: /static/admin/js/theme.js
WARNING 2026-02-11 08:13:52,889 log 15168 Not Found: /static/admin/js/nav_sidebar.js
WARNING 2026-02-11 08:13:53,068 log 15168 Not Found: /.well-known/appspecific/com.chrome.devtools.json
WARNING 2026-02-11 08:13:53,073 log 15168 Not Found: /static/admin/css/base.css
WARNING 2026-02-11 08:13:53,077 log 15168 Not Found: /static/admin/css/dark_mode.css
WARNING 2026-02-11 08:13:53,078 log 15168 Not Found: /static/admin/css/nav_sidebar.css
WARNING 2026-02-11 08:13:53,079 log 15168 Not Found: /static/admin/css/login.css
WARNING 2026-02-11 08:13:53,080 log 15168 Not Found: /static/admin/css/responsive.css
WARNING 2026-02-11 08:13:53,104 log 15168 Not Found: /static/admin/css/base.css
WARNING 2026-02-11 08:13:53,105 log 15168 Not Found: /static/admin/js/theme.js
WARNING 2026-02-11 08:13:53,106 log 15168 Not Found: /static/admin/js/nav_sidebar.js
WARNING 2026-02-11 08:13:53,254 log 15168 Not Found: /.well-known/appspecific/com.chrome.devtools.json
WARNING 2026-02-11 08:13:53,260 log 15168 Not Found: /static/admin/css/base.css
WARNING 2026-02-11 08:13:53,261 log 15168 Not Found: /static/admin/css/dark_mode.css
WARNING 2026-02-11 08:13:53,262 log 15168 Not Found: /static/admin/css/nav_sidebar.css
WARNING 2026-02-11 08:13:53,263 log 15168 Not Found: /static/admin/css/login.css
WARNING 2026-02-11 08:13:53,264 log 15168 Not Found: /static/admin/css/responsive.css
WARNING 2026-02-11 08:13:53,286 log 15168 Not Found: /static/admin/js/theme.js
WARNING 2026-02-11 08:13:53,287 log 15168 Not Found: /static/admin/js/nav_sidebar.js
WARNING 2026-02-11 08:13:53,672 log 15168 Not Found: /.well-known/appspecific/com.chrome.devtools.json
WARNING 2026-02-11 08:13:53,677 log 15168 Not Found: /static/admin/css/base.css
WARNING 2026-02-11 08:13:53,678 log 15168 Not Found: /static/admin/css/dark_mode.css
WARNING 2026-02-11 08:13:53,679 log 15168 Not Found: /static/admin/css/nav_sidebar.css
WARNING 2026-02-11 08:13:53,680 log 15168 Not Found: /static/admin/css/responsive.css
WARNING 2026-02-11 08:13:53,681 log 15168 Not Found: /static/admin/css/login.css
WARNING 2026-02-11 08:13:53,706 log 15168 Not Found: /static/admin/css/base.css
WARNING 2026-02-11 08:13:53,706 log 15168 Not Found: /static/admin/js/theme.js
WARNING 2026-02-11 08:13:53,707 log 15168 Not Found: /static/admin/js/nav_sidebar.js
WARNING 2026-02-11 08:13:54,060 log 15168 Not Found: /.well-known/appspecific/com.chrome.devtools.json
WARNING 2026-02-11 08:13:54,066 log 15168 Not Found: /static/admin/css/base.css
WARNING 2026-02-11 08:13:54,067 log 15168 Not Found: /static/admin/css/dark_mode.css
WARNING 2026-02-11 08:13:54,068 log 15168 Not Found: /static/admin/css/nav_sidebar.css
WARNING 2026-02-11 08:13:54,069 log 15168 Not Found: /static/admin/css/login.css
WARNING 2026-02-11 08:13:54,069 log 15168 Not Found: /static/admin/css/responsive.css
WARNING 2026-02-11 08:13:54,093 log 15168 Not Found: /static/admin/js/theme.js
WARNING 2026-02-11 08:13:54,094 log 15168 Not Found: /static/admin/js/nav_sidebar.js
WARNING 2026-02-11 08:13:54,261 log 15168 Not Found: /.well-known/appspecific/com.chrome.devtools.json
WARNING 2026-02-11 08:13:54,269 log 15168 Not Found: /static/admin/css/base.css
WARNING 2026-02-11 08:13:54,270 log 15168 Not Found: /static/admin/css/dark_mode.css
WARNING 2026-02-11 08:13:54,271 log 15168 Not Found: /static/admin/css/nav_sidebar.css
WARNING 2026-02-11 08:13:54,272 log 15168 Not Found: /static/admin/css/responsive.css
WARNING 2026-02-11 08:13:54,272 log 15168 Not Found: /static/admin/css/login.css
WARNING 2026-02-11 08:13:54,288 log 15168 Not Found: /static/admin/js/theme.js
WARNING 2026-02-11 08:13:54,289 log 15168 Not Found: /static/admin/js/nav_sidebar.js
WARNING 2026-02-11 08:13:54,308 log 15168 Not Found: /static/admin/css/base.css
WARNING 2026-02-11 08:13:54,309 log 15168 Not Found: /static/admin/css/dark_mode.css
WARNING 2026-02-11 08:13:54,310 log 15168 Not Found: /static/admin/css/nav_sidebar.css
WARNING 2026-02-11 08:13:54,310 log 15168 Not Found: /static/admin/css/login.css
WARNING 2026-02-11 08:13:54,312 log 15168 Not Found: /static/admin/css/responsive.css
WARNING 2026-02-11 08:13:54,480 log 15168 Not Found: /.well-known/appspecific/com.chrome.devtools.json
WARNING 2026-02-11 08:13:54,487 log 15168 Not Found: /static/admin/css/base.css
WARNING 2026-02-11 08:13:54,488 log 15168 Not Found: /static/admin/css/dark_mode.css
WARNING 2026-02-11 08:13:54,489 log 15168 Not Found: /static/admin/css/nav_sidebar.css
WARNING 2026-02-11 08:13:54,490 log 15168 Not Found: /static/admin/css/login.css
WARNING 2026-02-11 08:13:54,491 log 15168 Not Found: /static/admin/css/responsive.css
WARNING 2026-02-11 08:13:54,515 log 15168 Not Found: /static/admin/js/theme.js
WARNING 2026-02-11 08:13:54,516 log 15168 Not Found: /static/admin/js/nav_sidebar.js
WARNING 2026-02-11 08:13:54,671 log 15168 Not Found: /.well-known/appspecific/com.chrome.devtools.json
WARNING 2026-02-11 08:13:54,677 log 15168 Not Found: /static/admin/css/base.css
WARNING 2026-02-11 08:13:54,678 log 15168 Not Found: /static/admin/css/dark_mode.css
WARNING 2026-02-11 08:13:54,680 log 15168 Not Found: /static/admin/css/nav_sidebar.css
WARNING 2026-02-11 08:13:54,681 log 15168 Not Found: /static/admin/css/login.css
WARNING 2026-02-11 08:13:54,681 log 15168 Not Found: /static/admin/css/responsive.css
WARNING 2026-02-11 08:13:54,702 log 15168 Not Found: /static/admin/js/theme.js
WARNING 2026-02-11 08:13:54,703 log 15168 Not Found: /static/admin/js/nav_sidebar.js
WARNING 2026-02-11 08:13:54,837 log 15168 Not Found: /.well-known/appspecific/com.chrome.devtools.json
WARNING 2026-02-11 08:13:54,842 log 15168 Not Found: /static/admin/css/base.css
WARNING 2026-02-11 08:13:54,846 log 15168 Not Found: /static/admin/css/dark_mode.css
WARNING 2026-02-11 08:13:54,847 log 15168 Not Found: /static/admin/css/nav_sidebar.css
WARNING 2026-02-11 08:13:54,848 log 15168 Not Found: /static/admin/css/login.css
WARNING 2026-02-11 08:13:54,849 log 15168 Not Found: /static/admin/css/responsive.css
WARNING 2026-02-11 08:13:54,882 log 15168 Not Found: /static/admin/js/theme.js
WARNING 2026-02-11 08:13:54,883 log 15168 Not Found: /static/admin/js/nav_sidebar.js
WARNING 2026-02-11 08:13:55,228 log 15168 Not Found: /.well-known/appspecific/com.chrome.devtools.json
WARNING 2026-02-11 08:13:55,233 log 15168 Not Found: /static/admin/css/base.css
WARNING 2026-02-11 08:13:55,233 log 15168 Not Found: /static/admin/css/dark_mode.css
WARNING 2026-02-11 08:13:55,234 log 15168 Not Found: /static/admin/css/login.css
WARNING 2026-02-11 08:13:55,235 log 15168 Not Found: /static/admin/css/responsive.css
WARNING 2026-02-11 08:13:55,235 log 15168 Not Found: /static/admin/css/nav_sidebar.css
WARNING 2026-02-11 08:13:55,259 log 15168 Not Found: /static/admin/js/theme.js
WARNING 2026-02-11 08:13:55,260 log 15168 Not Found: /static/admin/js/nav_sidebar.js
WARNING 2026-02-11 08:13:55,424 log 15168 Not Found: /.well-known/appspecific/com.chrome.devtools.json
WARNING 2026-02-11 08:13:55,430 log 15168 Not Found: /static/admin/css/base.css
WARNING 2026-02-11 08:13:55,431 log 15168 Not Found: /static/admin/css/dark_mode.css
WARNING 2026-02-11 08:13:55,432 log 15168 Not Found: /static/admin/css/nav_sidebar.css
WARNING 2026-02-11 08:13:55,433 log 15168 Not Found: /static/admin/css/login.css
WARNING 2026-02-11 08:13:55,433 log 15168 Not Found: /static/admin/css/responsive.css
WARNING 2026-02-11 08:13:55,441 log 15168 Not Found: /static/admin/js/theme.js
WARNING 2026-02-11 08:13:55,442 log 15168 Not Found: /static/admin/js/nav_sidebar.js
WARNING 2026-02-11 08:13:55,465 log 15168 Not Found: /static/admin/css/base.css
WARNING 2026-02-11 08:13:55,465 log 15168 Not Found: /static/admin/css/dark_mode.css
WARNING 2026-02-11 08:13:55,465 log 15168 Not Found: /static/admin/css/nav_sidebar.css
WARNING 2026-02-11 08:13:55,468 log 15168 Not Found: /static/admin/css/login.css
WARNING 2026-02-11 08:13:55,468 log 15168 Not Found: /static/admin/css/responsive.css
WARNING 2026-02-11 08:13:55,629 log 15168 Not Found: /.well-known/appspecific/com.chrome.devtools.json
WARNING 2026-02-11 08:13:55,635 log 15168 Not Found: /static/admin/css/base.css
WARNING 2026-02-11 08:13:55,636 log 15168 Not Found: /static/admin/css/login.css
WARNING 2026-02-11 08:13:55,636 log 15168 Not Found: /static/admin/css/responsive.css
WARNING 2026-02-11 08:13:55,637 log 15168 Not Found: /static/admin/css/dark_mode.css
WARNING 2026-02-11 08:13:55,638 log 15168 Not Found: /static/admin/css/nav_sidebar.css
WARNING 2026-02-11 08:13:55,660 log 15168 Not Found: /static/admin/js/theme.js
WARNING 2026-02-11 08:13:55,661 log 15168 Not Found: /static/admin/js/nav_sidebar.js
WARNING 2026-02-11 08:13:55,833 log 15168 Not Found: /.well-known/appspecific/com.chrome.devtools.json
WARNING 2026-02-11 08:13:55,838 log 15168 Not Found: /static/admin/css/base.css
WARNING 2026-02-11 08:13:55,839 log 15168 Not Found: /static/admin/css/dark_mode.css
WARNING 2026-02-11 08:13:55,840 log 15168 Not Found: /static/admin/css/nav_sidebar.css
WARNING 2026-02-11 08:13:55,842 log 15168 Not Found: /static/admin/css/login.css
WARNING 2026-02-11 08:13:55,842 log 15168 Not Found: /static/admin/css/responsive.css
WARNING 2026-02-11 08:13:55,869 log 15168 Not Found: /static/admin/js/theme.js
WARNING 2026-02-11 08:13:55,870 log 15168 Not Found: /static/admin/js/nav_sidebar.js
WARNING 2026-02-11 08:13:56,028 log 15168 Not Found: /.well-known/appspecific/com.chrome.devtools.json
WARNING 2026-02-11 08:13:56,035 log 15168 Not Found: /static/admin/css/base.css
WARNING 2026-02-11 08:13:56,036 log 15168 Not Found: /static/admin/css/dark_mode.css
WARNING 2026-02-11 08:13:56,037 log 15168 Not Found: /static/admin/css/responsive.css
WARNING 2026-02-11 08:13:56,038 log 15168 Not Found: /static/admin/css/nav_sidebar.css
WARNING 2026-02-11 08:13:56,039 log 15168 Not Found: /static/admin/css/login.css
WARNING 2026-02-11 08:13:56,066 log 15168 Not Found: /static/admin/js/theme.js
WARNING 2026-02-11 08:13:56,066 log 15168 Not Found: /static/admin/js/nav_sidebar.js
WARNING 2026-02-11 08:13:56,207 log 15168 Not Found: /.well-known/appspecific/com.chrome.devtools.json
WARNING 2026-02-11 08:13:56,212 log 15168 Not Found: /static/admin/css/base.css
WARNING 2026-02-11 08:13:56,213 log 15168 Not Found: /static/admin/css/dark_mode.css
WARNING 2026-02-11 08:13:56,214 log 15168 Not Found: /static/admin/css/nav_sidebar.css
WARNING 2026-02-11 08:13:56,214 log 15168 Not Found: /static/admin/css/login.css
WARNING 2026-02-11 08:13:56,215 log 15168 Not Found: /static/admin/css/responsive.css
WARNING 2026-02-11 08:13:56,245 log 15168 Not Found: /static/admin/js/theme.js
WARNING 2026-02-11 08:13:56,246 log 15168 Not Found: /static/admin/js/nav_sidebar.js
WARNING 2026-02-11 08:13:56,412 log 15168 Not Found: /.well-known/appspecific/com.chrome.devtools.json
WARNING 2026-02-11 08:13:56,418 log 15168 Not Found: /static/admin/css/base.css
WARNING 2026-02-11 08:13:56,419 log 15168 Not Found: /static/admin/css/dark_mode.css
WARNING 2026-02-11 08:13:56,420 log 15168 Not Found: /static/admin/css/responsive.css
WARNING 2026-02-11 08:13:56,422 log 15168 Not Found: /static/admin/css/nav_sidebar.css
WARNING 2026-02-11 08:13:56,423 log 15168 Not Found: /static/admin/css/login.css
WARNING 2026-02-11 08:13:56,446 log 15168 Not Found: /static/admin/js/theme.js
WARNING 2026-02-11 08:13:56,447 log 15168 Not Found: /static/admin/js/nav_sidebar.js
WARNING 2026-02-11 08:13:56,624 log 15168 Not Found: /.well-known/appspecific/com.chrome.devtools.json
WARNING 2026-02-11 08:13:56,629 log 15168 Not Found: /static/admin/css/base.css
WARNING 2026-02-11 08:13:56,632 log 15168 Not Found: /static/admin/css/dark_mode.css
WARNING 2026-02-11 08:13:56,634 log 15168 Not Found: /static/admin/css/nav_sidebar.css
WARNING 2026-02-11 08:13:56,635 log 15168 Not Found: /static/admin/css/responsive.css
WARNING 2026-02-11 08:13:56,635 log 15168 Not Found: /static/admin/css/login.css
WARNING 2026-02-11 08:13:56,663 log 15168 Not Found: /static/admin/js/theme.js
WARNING 2026-02-11 08:13:56,664 log 15168 Not Found: /static/admin/js/nav_sidebar.js
WARNING 2026-02-11 08:13:58,027 log 15168 Not Found: /.well-known/appspecific/com.chrome.devtools.json
WARNING 2026-02-11 08:13:58,032 log 15168 Not Found: /static/admin/css/base.css
WARNING 2026-02-11 08:13:58,033 log 15168 Not Found: /static/admin/css/dark_mode.css
WARNING 2026-02-11 08:13:58,033 log 15168 Not Found: /static/admin/css/nav_sidebar.css
WARNING 2026-02-11 08:13:58,035 log 15168 Not Found: /static/admin/css/login.css
WARNING 2026-02-11 08:13:58,036 log 15168 Not Found: /static/admin/css/responsive.css
WARNING 2026-02-11 08:13:58,071 log 15168 Not Found: /static/admin/js/theme.js
WARNING 2026-02-11 08:13:58,073 log 15168 Not Found: /static/admin/js/nav_sidebar.js
WARNING 2026-02-11 08:13:58,273 log 15168 Not Found: /.well-known/appspecific/com.chrome.devtools.json
WARNING 2026-02-11 08:13:58,280 log 15168 Not Found: /static/admin/css/base.css
WARNING 2026-02-11 08:13:58,281 log 15168 Not Found: /static/admin/css/dark_mode.css
WARNING 2026-02-11 08:13:58,282 log 15168 Not Found: /static/admin/css/nav_sidebar.css
WARNING 2026-02-11 08:13:58,283 log 15168 Not Found: /static/admin/css/login.css
WARNING 2026-02-11 08:13:58,284 log 15168 Not Found: /static/admin/css/responsive.css
WARNING 2026-02-11 08:13:58,321 log 15168 Not Found: /static/admin/js/theme.js
WARNING 2026-02-11 08:13:58,321 log 15168 Not Found: /static/admin/js/nav_sidebar.js
WARNING 2026-02-11 08:13:58,500 log 15168 Not Found: /.well-known/appspecific/com.chrome.devtools.json
WARNING 2026-02-11 08:13:58,503 log 15168 Not Found: /static/admin/css/base.css
WARNING 2026-02-11 08:13:58,504 log 15168 Not Found: /static/admin/css/nav_sidebar.css
WARNING 2026-02-11 08:13:58,506 log 15168 Not Found: /static/admin/css/dark_mode.css
WARNING 2026-02-11 08:13:58,506 log 15168 Not Found: /static/admin/css/login.css
WARNING 2026-02-11 08:13:58,507 log 15168 Not Found: /static/admin/css/responsive.css
WARNING 2026-02-11 08:13:58,555 log 15168 Not Found: /static/admin/js/theme.js
WARNING 2026-02-11 08:13:58,555 log 15168 Not Found: /static/admin/js/nav_sidebar.js
